This is pdfTeX, Version 3.141592653-2.6-1.40.25 (MiKTeX 23.12) (preloaded format=pdflatex 2024.1.15)  11 APR 2024 11:10
entering extended mode
 restricted \write18 enabled.
 %&-line parsing enabled.
**./baked.tex
(baked.tex
LaTeX2e <2023-11-01>
L3 programming layer <2024-01-04>
(C:\Users\brian\AppData\Local\Programs\MiKTeX\tex/latex/base\article.cls
Document Class: article 2023/05/17 v1.4n Standard LaTeX document class
(C:\Users\brian\AppData\Local\Programs\MiKTeX\tex/latex/base\size10.clo
File: size10.clo 2023/05/17 v1.4n Standard LaTeX file (size option)
)
\c@part=\count187
\c@section=\count188
\c@subsection=\count189
\c@subsubsection=\count190
\c@paragraph=\count191
\c@subparagraph=\count192
\c@figure=\count193
\c@table=\count194
\abovecaptionskip=\skip48
\belowcaptionskip=\skip49
\bibindent=\dimen140
)
(C:\Users\brian\AppData\Local\Programs\MiKTeX\tex/latex/amsmath\amsmath.sty
Package: amsmath 2023/05/13 v2.17o AMS math features
\@mathmargin=\skip50

For additional information on amsmath, use the `?' option.
(C:\Users\brian\AppData\Local\Programs\MiKTeX\tex/latex/amsmath\amstext.sty
Package: amstext 2021/08/26 v2.01 AMS text

(C:\Users\brian\AppData\Local\Programs\MiKTeX\tex/latex/amsmath\amsgen.sty
File: amsgen.sty 1999/11/30 v2.0 generic functions
\@emptytoks=\toks17
\ex@=\dimen141
))
(C:\Users\brian\AppData\Local\Programs\MiKTeX\tex/latex/amsmath\amsbsy.sty
Package: amsbsy 1999/11/29 v1.2d Bold Symbols
\pmbraise@=\dimen142
)
(C:\Users\brian\AppData\Local\Programs\MiKTeX\tex/latex/amsmath\amsopn.sty
Package: amsopn 2022/04/08 v2.04 operator names
)
\inf@bad=\count195
LaTeX Info: Redefining \frac on input line 234.
\uproot@=\count196
\leftroot@=\count197
LaTeX Info: Redefining \overline on input line 399.
LaTeX Info: Redefining \colon on input line 410.
\classnum@=\count198
\DOTSCASE@=\count199
LaTeX Info: Redefining \ldots on input line 496.
LaTeX Info: Redefining \dots on input line 499.
LaTeX Info: Redefining \cdots on input line 620.
\Mathstrutbox@=\box51
\strutbox@=\box52
LaTeX Info: Redefining \big on input line 722.
LaTeX Info: Redefining \Big on input line 723.
LaTeX Info: Redefining \bigg on input line 724.
LaTeX Info: Redefining \Bigg on input line 725.
\big@size=\dimen143
LaTeX Font Info:    Redeclaring font encoding OML on input line 743.
LaTeX Font Info:    Redeclaring font encoding OMS on input line 744.
\macc@depth=\count266
LaTeX Info: Redefining \bmod on input line 905.
LaTeX Info: Redefining \pmod on input line 910.
LaTeX Info: Redefining \smash on input line 940.
LaTeX Info: Redefining \relbar on input line 970.
LaTeX Info: Redefining \Relbar on input line 971.
\c@MaxMatrixCols=\count267
\dotsspace@=\muskip16
\c@parentequation=\count268
\dspbrk@lvl=\count269
\tag@help=\toks18
\row@=\count270
\column@=\count271
\maxfields@=\count272
\andhelp@=\toks19
\eqnshift@=\dimen144
\alignsep@=\dimen145
\tagshift@=\dimen146
\tagwidth@=\dimen147
\totwidth@=\dimen148
\lineht@=\dimen149
\@envbody=\toks20
\multlinegap=\skip51
\multlinetaggap=\skip52
\mathdisplay@stack=\toks21
LaTeX Info: Redefining \[ on input line 2953.
LaTeX Info: Redefining \] on input line 2954.
)
(C:\Users\brian\AppData\Local\Programs\MiKTeX\tex/latex/amsfonts\amssymb.sty
Package: amssymb 2013/01/14 v3.01 AMS font symbols

(C:\Users\brian\AppData\Local\Programs\MiKTeX\tex/latex/amsfonts\amsfonts.sty
Package: amsfonts 2013/01/14 v3.01 Basic AMSFonts support
\symAMSa=\mathgroup4
\symAMSb=\mathgroup5
LaTeX Font Info:    Redeclaring math symbol \hbar on input line 98.
LaTeX Font Info:    Overwriting math alphabet `\mathfrak' in version `bold'
(Font)                  U/euf/m/n --> U/euf/b/n on input line 106.
)) (C:\Users\brian\AppData\Local\Programs\MiKTeX\tex/generic/iftex\iftex.sty
Package: iftex 2022/02/03 v1.0f TeX engine tests
)
(C:\Users\brian\AppData\Local\Programs\MiKTeX\tex/latex/base\fontenc.sty
Package: fontenc 2021/04/29 v2.0v Standard LaTeX package
)
(C:\Users\brian\AppData\Local\Programs\MiKTeX\tex/latex/base\inputenc.sty
Package: inputenc 2021/02/14 v1.3d Input encoding file
\inpenc@prehook=\toks22
\inpenc@posthook=\toks23
)
(C:\Users\brian\AppData\Local\Programs\MiKTeX\tex/latex/base\textcomp.sty
Package: textcomp 2020/02/02 v2.0n Standard LaTeX package
)
(C:\Users\brian\AppData\Local\Programs\MiKTeX\tex/latex/lm\lmodern.sty
Package: lmodern 2015/05/01 v1.6.1 Latin Modern Fonts
LaTeX Font Info:    Overwriting symbol font `operators' in version `normal'
(Font)                  OT1/cmr/m/n --> OT1/lmr/m/n on input line 22.
LaTeX Font Info:    Overwriting symbol font `letters' in version `normal'
(Font)                  OML/cmm/m/it --> OML/lmm/m/it on input line 23.
LaTeX Font Info:    Overwriting symbol font `symbols' in version `normal'
(Font)                  OMS/cmsy/m/n --> OMS/lmsy/m/n on input line 24.
LaTeX Font Info:    Overwriting symbol font `largesymbols' in version `normal'
(Font)                  OMX/cmex/m/n --> OMX/lmex/m/n on input line 25.
LaTeX Font Info:    Overwriting symbol font `operators' in version `bold'
(Font)                  OT1/cmr/bx/n --> OT1/lmr/bx/n on input line 26.
LaTeX Font Info:    Overwriting symbol font `letters' in version `bold'
(Font)                  OML/cmm/b/it --> OML/lmm/b/it on input line 27.
LaTeX Font Info:    Overwriting symbol font `symbols' in version `bold'
(Font)                  OMS/cmsy/b/n --> OMS/lmsy/b/n on input line 28.
LaTeX Font Info:    Overwriting symbol font `largesymbols' in version `bold'
(Font)                  OMX/cmex/m/n --> OMX/lmex/m/n on input line 29.
LaTeX Font Info:    Overwriting math alphabet `\mathbf' in version `normal'
(Font)                  OT1/cmr/bx/n --> OT1/lmr/bx/n on input line 31.
LaTeX Font Info:    Overwriting math alphabet `\mathsf' in version `normal'
(Font)                  OT1/cmss/m/n --> OT1/lmss/m/n on input line 32.
LaTeX Font Info:    Overwriting math alphabet `\mathit' in version `normal'
(Font)                  OT1/cmr/m/it --> OT1/lmr/m/it on input line 33.
LaTeX Font Info:    Overwriting math alphabet `\mathtt' in version `normal'
(Font)                  OT1/cmtt/m/n --> OT1/lmtt/m/n on input line 34.
LaTeX Font Info:    Overwriting math alphabet `\mathbf' in version `bold'
(Font)                  OT1/cmr/bx/n --> OT1/lmr/bx/n on input line 35.
LaTeX Font Info:    Overwriting math alphabet `\mathsf' in version `bold'
(Font)                  OT1/cmss/bx/n --> OT1/lmss/bx/n on input line 36.
LaTeX Font Info:    Overwriting math alphabet `\mathit' in version `bold'
(Font)                  OT1/cmr/bx/it --> OT1/lmr/bx/it on input line 37.
LaTeX Font Info:    Overwriting math alphabet `\mathtt' in version `bold'
(Font)                  OT1/cmtt/m/n --> OT1/lmtt/m/n on input line 38.
)
(C:\Users\brian\AppData\Local\Programs\MiKTeX\tex/latex/upquote\upquote.sty
Package: upquote 2012/04/19 v1.3 upright-quote and grave-accent glyphs in verba
tim
)
(C:\Users\brian\AppData\Local\Programs\MiKTeX\tex/latex/microtype\microtype.sty
Package: microtype 2023/03/13 v3.1a Micro-typographical refinements (RS)
(C:\Users\brian\AppData\Local\Programs\MiKTeX\tex/latex/graphics\keyval.sty
Package: keyval 2022/05/29 v1.15 key=value parser (DPC)
\KV@toks@=\toks24
)
(C:\Users\brian\AppData\Local\Programs\MiKTeX\tex/latex/etoolbox\etoolbox.sty
Package: etoolbox 2020/10/05 v2.5k e-TeX tools for LaTeX (JAW)
\etb@tempcnta=\count273
)
\MT@toks=\toks25
\MT@tempbox=\box53
\MT@count=\count274
LaTeX Info: Redefining \noprotrusionifhmode on input line 1059.
LaTeX Info: Redefining \leftprotrusion on input line 1060.
\MT@prot@toks=\toks26
LaTeX Info: Redefining \rightprotrusion on input line 1078.
LaTeX Info: Redefining \textls on input line 1368.
\MT@outer@kern=\dimen150
LaTeX Info: Redefining \textmicrotypecontext on input line 1988.
\MT@listname@count=\count275

(C:\Users\brian\AppData\Local\Programs\MiKTeX\tex/latex/microtype\microtype-pdf
tex.def
File: microtype-pdftex.def 2023/03/13 v3.1a Definitions specific to pdftex (RS)

LaTeX Info: Redefining \lsstyle on input line 902.
LaTeX Info: Redefining \lslig on input line 902.
\MT@outer@space=\skip53
)
Package microtype Info: Loading configuration file microtype.cfg.

(C:\Users\brian\AppData\Local\Programs\MiKTeX\tex/latex/microtype\microtype.cfg
File: microtype.cfg 2023/03/13 v3.1a microtype main configuration file (RS)
)) (C:\Users\brian\AppData\Local\Programs\MiKTeX\tex/latex/parskip\parskip.sty
Package: parskip 2021-03-14 v2.0h non-zero parskip adjustments

(C:\Users\brian\AppData\Local\Programs\MiKTeX\tex/latex/kvoptions\kvoptions.sty
Package: kvoptions 2022-06-15 v3.15 Key value format for package options (HO)
(C:\Users\brian\AppData\Local\Programs\MiKTeX\tex/generic/ltxcmds\ltxcmds.sty
Package: ltxcmds 2023-12-04 v1.26 LaTeX kernel commands for general use (HO)
)
(C:\Users\brian\AppData\Local\Programs\MiKTeX\tex/latex/kvsetkeys\kvsetkeys.sty
Package: kvsetkeys 2022-10-05 v1.19 Key value parser (HO)
))) (C:\Users\brian\AppData\Local\Programs\MiKTeX\tex/latex/xcolor\xcolor.sty
Package: xcolor 2023/11/15 v3.01 LaTeX color extensions (UK)

(C:\Users\brian\AppData\Local\Programs\MiKTeX\tex/latex/graphics-cfg\color.cfg
File: color.cfg 2016/01/02 v1.6 sample color configuration
)
Package xcolor Info: Driver file: pdftex.def on input line 274.

(C:\Users\brian\AppData\Local\Programs\MiKTeX\tex/latex/graphics-def\pdftex.def
File: pdftex.def 2022/09/22 v1.2b Graphics/color driver for pdftex
)
(C:\Users\brian\AppData\Local\Programs\MiKTeX\tex/latex/graphics\mathcolor.ltx)
Package xcolor Info: Model `cmy' substituted by `cmy0' on input line 1350.
Package xcolor Info: Model `hsb' substituted by `rgb' on input line 1354.
Package xcolor Info: Model `RGB' extended on input line 1366.
Package xcolor Info: Model `HTML' substituted by `rgb' on input line 1368.
Package xcolor Info: Model `Hsb' substituted by `hsb' on input line 1369.
Package xcolor Info: Model `tHsb' substituted by `hsb' on input line 1370.
Package xcolor Info: Model `HSB' substituted by `hsb' on input line 1371.
Package xcolor Info: Model `Gray' substituted by `gray' on input line 1372.
Package xcolor Info: Model `wave' substituted by `hsb' on input line 1373.
) (C:\Users\brian\AppData\Local\Programs\MiKTeX\tex/latex/graphics\dvipsnam.def
File: dvipsnam.def 2016/06/17 v3.0m Driver-dependent file (DPC,SPQR)
) (C:\Users\brian\AppData\Local\Programs\MiKTeX\tex/latex/xcolor\svgnam.def
File: svgnam.def 2023/11/15 v3.01 Predefined colors according to SVG 1.1 (UK)
)
(C:\Users\brian\AppData\Local\Programs\MiKTeX\tex/latex/xcolor\x11nam.def
File: x11nam.def 2023/11/15 v3.01 Predefined colors according to Unix/X11 (UK)
)
(C:\Users\brian\AppData\Local\Programs\MiKTeX\tex/latex/graphics\graphicx.sty
Package: graphicx 2021/09/16 v1.2d Enhanced LaTeX Graphics (DPC,SPQR)

(C:\Users\brian\AppData\Local\Programs\MiKTeX\tex/latex/graphics\graphics.sty
Package: graphics 2022/03/10 v1.4e Standard LaTeX Graphics (DPC,SPQR)

(C:\Users\brian\AppData\Local\Programs\MiKTeX\tex/latex/graphics\trig.sty
Package: trig 2021/08/11 v1.11 sin cos tan (DPC)
)
(C:\Users\brian\AppData\Local\Programs\MiKTeX\tex/latex/graphics-cfg\graphics.c
fg
File: graphics.cfg 2016/06/04 v1.11 sample graphics configuration
)
Package graphics Info: Driver file: pdftex.def on input line 107.
)
\Gin@req@height=\dimen151
\Gin@req@width=\dimen152
)
(C:\Users\brian\AppData\Local\Programs\MiKTeX\tex/latex/bookmark\bookmark.sty
Package: bookmark 2023-12-10 v1.31 PDF bookmarks (HO)

(C:\Users\brian\AppData\Local\Programs\MiKTeX\tex/latex/hyperref\hyperref.sty
Package: hyperref 2023-11-26 v7.01g Hypertext links for LaTeX

(C:\Users\brian\AppData\Local\Programs\MiKTeX\tex/generic/infwarerr\infwarerr.s
ty
Package: infwarerr 2019/12/03 v1.5 Providing info/warning/error messages (HO)
)
(C:\Users\brian\AppData\Local\Programs\MiKTeX\tex/generic/kvdefinekeys\kvdefine
keys.sty
Package: kvdefinekeys 2019-12-19 v1.6 Define keys (HO)
)
(C:\Users\brian\AppData\Local\Programs\MiKTeX\tex/generic/pdfescape\pdfescape.s
ty
Package: pdfescape 2019/12/09 v1.15 Implements pdfTeX's escape features (HO)

(C:\Users\brian\AppData\Local\Programs\MiKTeX\tex/generic/pdftexcmds\pdftexcmds
.sty
Package: pdftexcmds 2020-06-27 v0.33 Utility functions of pdfTeX for LuaTeX (HO
)
Package pdftexcmds Info: \pdf@primitive is available.
Package pdftexcmds Info: \pdf@ifprimitive is available.
Package pdftexcmds Info: \pdfdraftmode found.
))
(C:\Users\brian\AppData\Local\Programs\MiKTeX\tex/latex/hycolor\hycolor.sty
Package: hycolor 2020-01-27 v1.10 Color options for hyperref/bookmark (HO)
)
(C:\Users\brian\AppData\Local\Programs\MiKTeX\tex/latex/letltxmacro\letltxmacro
.sty
Package: letltxmacro 2019/12/03 v1.6 Let assignment for LaTeX macros (HO)
)
(C:\Users\brian\AppData\Local\Programs\MiKTeX\tex/latex/auxhook\auxhook.sty
Package: auxhook 2019-12-17 v1.6 Hooks for auxiliary files (HO)
)
(C:\Users\brian\AppData\Local\Programs\MiKTeX\tex/latex/hyperref\nameref.sty
Package: nameref 2023-11-26 v2.56 Cross-referencing by name of section

(C:\Users\brian\AppData\Local\Programs\MiKTeX\tex/latex/refcount\refcount.sty
Package: refcount 2019/12/15 v3.6 Data extraction from label references (HO)
)
(C:\Users\brian\AppData\Local\Programs\MiKTeX\tex/generic/gettitlestring\gettit
lestring.sty
Package: gettitlestring 2019/12/15 v1.6 Cleanup title references (HO)
)
\c@section@level=\count276
)
\@linkdim=\dimen153
\Hy@linkcounter=\count277
\Hy@pagecounter=\count278

(C:\Users\brian\AppData\Local\Programs\MiKTeX\tex/latex/hyperref\pd1enc.def
File: pd1enc.def 2023-11-26 v7.01g Hyperref: PDFDocEncoding definition (HO)
Now handling font encoding PD1 ...
... no UTF-8 mapping file for font encoding PD1
)
(C:\Users\brian\AppData\Local\Programs\MiKTeX\tex/generic/intcalc\intcalc.sty
Package: intcalc 2019/12/15 v1.3 Expandable calculations with integers (HO)
)
\Hy@SavedSpaceFactor=\count279

(C:\Users\brian\AppData\Local\Programs\MiKTeX\tex/latex/hyperref\puenc.def
File: puenc.def 2023-11-26 v7.01g Hyperref: PDF Unicode definition (HO)
Now handling font encoding PU ...
... no UTF-8 mapping file for font encoding PU
)
Package hyperref Info: Option `unicode' set `true' on input line 4064.
Package hyperref Info: Hyper figures OFF on input line 4181.
Package hyperref Info: Link nesting OFF on input line 4186.
Package hyperref Info: Hyper index ON on input line 4189.
Package hyperref Info: Plain pages OFF on input line 4196.
Package hyperref Info: Backreferencing OFF on input line 4201.
Package hyperref Info: Implicit mode ON; LaTeX internals redefined.
Package hyperref Info: Bookmarks ON on input line 4448.
\c@Hy@tempcnt=\count280

(C:\Users\brian\AppData\Local\Programs\MiKTeX\tex/latex/url\url.sty
\Urlmuskip=\muskip17
Package: url 2013/09/16  ver 3.4  Verb mode for urls, etc.
)
LaTeX Info: Redefining \url on input line 4786.
\XeTeXLinkMargin=\dimen154

(C:\Users\brian\AppData\Local\Programs\MiKTeX\tex/generic/bitset\bitset.sty
Package: bitset 2019/12/09 v1.3 Handle bit-vector datatype (HO)

(C:\Users\brian\AppData\Local\Programs\MiKTeX\tex/generic/bigintcalc\bigintcalc
.sty
Package: bigintcalc 2019/12/15 v1.5 Expandable calculations on big integers (HO
)
))
\Fld@menulength=\count281
\Field@Width=\dimen155
\Fld@charsize=\dimen156
Package hyperref Info: Hyper figures OFF on input line 6065.
Package hyperref Info: Link nesting OFF on input line 6070.
Package hyperref Info: Hyper index ON on input line 6073.
Package hyperref Info: backreferencing OFF on input line 6080.
Package hyperref Info: Link coloring OFF on input line 6085.
Package hyperref Info: Link coloring with OCG OFF on input line 6090.
Package hyperref Info: PDF/A mode OFF on input line 6095.

(C:\Users\brian\AppData\Local\Programs\MiKTeX\tex/latex/base\atbegshi-ltx.sty
Package: atbegshi-ltx 2021/01/10 v1.0c Emulation of the original atbegshi
package with kernel methods
)
\Hy@abspage=\count282
\c@Item=\count283
\c@Hfootnote=\count284
)
Package hyperref Info: Driver (autodetected): hpdftex.
(C:\Users\brian\AppData\Local\Programs\MiKTeX\tex/latex/hyperref\hpdftex.def
File: hpdftex.def 2023-11-26 v7.01g Hyperref driver for pdfTeX

(C:\Users\brian\AppData\Local\Programs\MiKTeX\tex/latex/base\atveryend-ltx.sty
Package: atveryend-ltx 2020/08/19 v1.0a Emulation of the original atveryend pac
kage
with kernel methods
)
\Fld@listcount=\count285
\c@bookmark@seq@number=\count286

(C:\Users\brian\AppData\Local\Programs\MiKTeX\tex/latex/rerunfilecheck\rerunfil
echeck.sty
Package: rerunfilecheck 2022-07-10 v1.10 Rerun checks for auxiliary files (HO)

(C:\Users\brian\AppData\Local\Programs\MiKTeX\tex/generic/uniquecounter\uniquec
ounter.sty
Package: uniquecounter 2019/12/15 v1.4 Provide unlimited unique counter (HO)
)
Package uniquecounter Info: New unique counter `rerunfilecheck' on input line 2
85.
)
\Hy@SectionHShift=\skip54
)
(C:\Users\brian\AppData\Local\Programs\MiKTeX\tex/latex/bookmark\bkm-pdftex.def
File: bkm-pdftex.def 2023-12-10 v1.31 bookmark driver for pdfTeX and luaTeX (HO
)
\BKM@id=\count287
)) (C:\Users\brian\AppData\Local\Programs\MiKTeX\tex/latex/xurl\xurl.sty
Package: xurl 2022/01/09 v 0.10 modify URL breaks
)
Package hyperref Info: Option `colorlinks' set `true' on input line 69.
LaTeX Font Info:    Trying to load font information for T1+lmr on input line 74
.

(C:\Users\brian\AppData\Local\Programs\MiKTeX\tex/latex/lm\t1lmr.fd
File: t1lmr.fd 2015/05/01 v1.6.1 Font defs for Latin Modern
)
(C:\Users\brian\AppData\Local\Programs\MiKTeX\tex/latex/l3backend\l3backend-pdf
tex.def
File: l3backend-pdftex.def 2024-01-04 L3 backend support: PDF output (pdfTeX)
\l__color_backend_stack_int=\count288
\l__pdf_internal_box=\box54
) (baked.aux)
\openout1 = `baked.aux'.

LaTeX Font Info:    Checking defaults for OML/cmm/m/it on input line 74.
LaTeX Font Info:    ... okay on input line 74.
LaTeX Font Info:    Checking defaults for OMS/cmsy/m/n on input line 74.
LaTeX Font Info:    ... okay on input line 74.
LaTeX Font Info:    Checking defaults for OT1/cmr/m/n on input line 74.
LaTeX Font Info:    ... okay on input line 74.
LaTeX Font Info:    Checking defaults for T1/cmr/m/n on input line 74.
LaTeX Font Info:    ... okay on input line 74.
LaTeX Font Info:    Checking defaults for TS1/cmr/m/n on input line 74.
LaTeX Font Info:    ... okay on input line 74.
LaTeX Font Info:    Checking defaults for OMX/cmex/m/n on input line 74.
LaTeX Font Info:    ... okay on input line 74.
LaTeX Font Info:    Checking defaults for U/cmr/m/n on input line 74.
LaTeX Font Info:    ... okay on input line 74.
LaTeX Font Info:    Checking defaults for PD1/pdf/m/n on input line 74.
LaTeX Font Info:    ... okay on input line 74.
LaTeX Font Info:    Checking defaults for PU/pdf/m/n on input line 74.
LaTeX Font Info:    ... okay on input line 74.
LaTeX Info: Redefining \microtypecontext on input line 74.
Package microtype Info: Applying patch `item' on input line 74.
Package microtype Info: Applying patch `toc' on input line 74.
Package microtype Info: Applying patch `eqnum' on input line 74.
Package microtype Info: Applying patch `footnote' on input line 74.
Package microtype Info: Applying patch `verbatim' on input line 74.
Package microtype Info: Generating PDF output.
Package microtype Info: Character protrusion enabled (level 2).
Package microtype Info: Using protrusion set `basicmath'.
Package microtype Info: Automatic font expansion enabled (level 2),
(microtype)             stretch: 20, shrink: 20, step: 1, non-selected.
Package microtype Info: Using default expansion set `alltext-nott'.
LaTeX Info: Redefining \showhyphens on input line 74.
Package microtype Info: No adjustment of tracking.
Package microtype Info: No adjustment of interword spacing.
Package microtype Info: No adjustment of character kerning.

(C:\Users\brian\AppData\Local\Programs\MiKTeX\tex/latex/microtype\mt-cmr.cfg
File: mt-cmr.cfg 2013/05/19 v2.2 microtype config. file: Computer Modern Roman 
(RS)
)
(C:\Users\brian\AppData\Local\Programs\MiKTeX\tex/context/base/mkii\supp-pdf.mk
ii
[Loading MPS to PDF converter (version 2006.09.02).]
\scratchcounter=\count289
\scratchdimen=\dimen157
\scratchbox=\box55
\nofMPsegments=\count290
\nofMParguments=\count291
\everyMPshowfont=\toks27
\MPscratchCnt=\count292
\MPscratchDim=\dimen158
\MPnumerator=\count293
\makeMPintoPDFobject=\count294
\everyMPtoPDFconversion=\toks28
)
(C:\Users\brian\AppData\Local\Programs\MiKTeX\tex/latex/epstopdf-pkg\epstopdf-b
ase.sty
Package: epstopdf-base 2020-01-24 v2.11 Base part for package epstopdf
Package epstopdf-base Info: Redefining graphics rule for `.eps' on input line 4
85.

(C:\Users\brian\AppData\Local\Programs\MiKTeX\tex/latex/00miktex\epstopdf-sys.c
fg
File: epstopdf-sys.cfg 2021/03/18 v2.0 Configuration of epstopdf for MiKTeX
))
Package hyperref Info: Link coloring ON on input line 74.
<book6logo.png, id=3, 304.2567pt x 207.174pt>
File: book6logo.png Graphic file (type png)
<use book6logo.png>
Package pdftex.def Info: book6logo.png  used on input line 78.
(pdftex.def)             Requested size: 304.25595pt x 207.17348pt.
LaTeX Font Info:    Trying to load font information for TS1+lmr on input line 8
6.
 (C:\Users\brian\AppData\Local\Programs\MiKTeX\tex/latex/lm\ts1lmr.fd
File: ts1lmr.fd 2015/05/01 v1.6.1 Font defs for Latin Modern
)
[1

{C:/Users/brian/AppData/Local/MiKTeX/fonts/map/pdftex/pdftex.map}{C:/Users/bria
n/AppData/Local/Programs/MiKTeX/fonts/enc/dvips/lm/lm-ec.enc}{C:/Users/brian/Ap
pData/Local/Programs/MiKTeX/fonts/enc/dvips/lm/lm-ts1.enc} <./book6logo.png>]
File: book6logo.png Graphic file (type png)
<use book6logo.png>
Package pdftex.def Info: book6logo.png  used on input line 99.
(pdftex.def)             Requested size: 304.25595pt x 207.17348pt.
[2] [3] [4] [5] [6] [7]
LaTeX Font Info:    Trying to load font information for OT1+lmr on input line 3
69.

(C:\Users\brian\AppData\Local\Programs\MiKTeX\tex/latex/lm\ot1lmr.fd
File: ot1lmr.fd 2015/05/01 v1.6.1 Font defs for Latin Modern
)
LaTeX Font Info:    Trying to load font information for OML+lmm on input line 3
69.

(C:\Users\brian\AppData\Local\Programs\MiKTeX\tex/latex/lm\omllmm.fd
File: omllmm.fd 2015/05/01 v1.6.1 Font defs for Latin Modern
)
LaTeX Font Info:    Trying to load font information for OMS+lmsy on input line 
369.

(C:\Users\brian\AppData\Local\Programs\MiKTeX\tex/latex/lm\omslmsy.fd
File: omslmsy.fd 2015/05/01 v1.6.1 Font defs for Latin Modern
)
LaTeX Font Info:    Trying to load font information for OMX+lmex on input line 
369.

(C:\Users\brian\AppData\Local\Programs\MiKTeX\tex/latex/lm\omxlmex.fd
File: omxlmex.fd 2015/05/01 v1.6.1 Font defs for Latin Modern
)
LaTeX Font Info:    External font `lmex10' loaded for size
(Font)              <10> on input line 369.
LaTeX Font Info:    External font `lmex10' loaded for size
(Font)              <7> on input line 369.
LaTeX Font Info:    External font `lmex10' loaded for size
(Font)              <5> on input line 369.
LaTeX Font Info:    Trying to load font information for U+msa on input line 369
.

(C:\Users\brian\AppData\Local\Programs\MiKTeX\tex/latex/amsfonts\umsa.fd
File: umsa.fd 2013/01/14 v3.01 AMS symbols A
)
(C:\Users\brian\AppData\Local\Programs\MiKTeX\tex/latex/microtype\mt-msa.cfg
File: mt-msa.cfg 2006/02/04 v1.1 microtype config. file: AMS symbols (a) (RS)
)
LaTeX Font Info:    Trying to load font information for U+msb on input line 369
.

(C:\Users\brian\AppData\Local\Programs\MiKTeX\tex/latex/amsfonts\umsb.fd
File: umsb.fd 2013/01/14 v3.01 AMS symbols B
)
(C:\Users\brian\AppData\Local\Programs\MiKTeX\tex/latex/microtype\mt-msb.cfg
File: mt-msb.cfg 2005/06/01 v1.0 microtype config. file: AMS symbols (b) (RS)
)
[8]
LaTeX Font Info:    Trying to load font information for T1+lmtt on input line 3
88.
 (C:\Users\brian\AppData\Local\Programs\MiKTeX\tex/latex/lm\t1lmtt.fd
File: t1lmtt.fd 2015/05/01 v1.6.1 Font defs for Latin Modern
)
[9] [10] [11] [12] [13]
Overfull \hbox (6.74898pt too wide) in paragraph at lines 609--609
[]    \T1/lmtt/m/n/10 0 1 2 3 4 5 6 7 8 9 0 1 2 3 4 5 6 7 8 9 0 1 2 3 4 5 6 7 8
 9 0 1[] 
 []


Overfull \hbox (11.99896pt too wide) in paragraph at lines 609--609
[]   \T1/lmtt/m/n/10 +-+-+-+-+-+-+-+-+-+-+-+-+-+-+-+-+-+-+-+-+-+-+-+-+-+-+-+-+-
+-+-+-+[] 
 []


Overfull \hbox (11.99896pt too wide) in paragraph at lines 609--609
[]   \T1/lmtt/m/n/10 |  ST=5 | Ver=2 | Pri |T| Bits  |           TotalBytes    
      |[] 
 []


Overfull \hbox (11.99896pt too wide) in paragraph at lines 609--609
[]   \T1/lmtt/m/n/10 +-+-+-+-+-+-+-+-+-+-+-+-+-+-+-+-+-+-+-+-+-+-+-+-+-+-+-+-+-
+-+-+-+[] 
 []


Overfull \hbox (11.99896pt too wide) in paragraph at lines 609--609
[]   \T1/lmtt/m/n/10 |              HID              |        HeaderChecksum   
      |[] 
 []


Overfull \hbox (11.99896pt too wide) in paragraph at lines 609--609
[]   \T1/lmtt/m/n/10 +-+-+-+-+-+-+-+-+-+-+-+-+-+-+-+-+-+-+-+-+-+-+-+-+-+-+-+-+-
+-+-+-+[] 
 []


Overfull \hbox (11.99896pt too wide) in paragraph at lines 609--609
[]   \T1/lmtt/m/n/10 +-+-+-+-+-+-+-+-+-+-+-+-+-+-+-+-+-+-+-+-+-+-+-+-+-+-+-+-+-
+-+-+-+[] 
 []


Overfull \hbox (11.99896pt too wide) in paragraph at lines 609--609
[]   \T1/lmtt/m/n/10 |                                                         
      |[] 
 []


Overfull \hbox (11.99896pt too wide) in paragraph at lines 609--609
[]   \T1/lmtt/m/n/10 +-                          Timestamp                     
     -+[] 
 []


Overfull \hbox (11.99896pt too wide) in paragraph at lines 609--609
[]   \T1/lmtt/m/n/10 |                                                         
      |[] 
 []


Overfull \hbox (11.99896pt too wide) in paragraph at lines 609--609
[]   \T1/lmtt/m/n/10 +-+-+-+-+-+-+-+-+-+-+-+-+-+-+-+-+-+-+-+-+-+-+-+-+-+-+-+-+-
+-+-+-+[] 
 []


Overfull \hbox (22.49893pt too wide) in paragraph at lines 638--638
[]   \T1/lmtt/m/n/10 In the Internet Protocol (IP) [44] there is a field to ide
ntify the[] 
 []


Overfull \hbox (22.49893pt too wide) in paragraph at lines 638--638
[]   \T1/lmtt/m/n/10 the next level protocol.  This field is 8 bits in size.  T
his field[] 
 []

[14]
Overfull \hbox (32.9989pt too wide) in paragraph at lines 638--638
[]      \T1/lmtt/m/n/10 Decimal    Octal      Protocol Numbers                 
 References[] 
 []


Overfull \hbox (32.9989pt too wide) in paragraph at lines 638--638
[]      \T1/lmtt/m/n/10 -------    -----      ----------------                 
 ----------[] 
 []


Overfull \hbox (32.9989pt too wide) in paragraph at lines 638--638
[]           \T1/lmtt/m/n/10 1       1         raw internet datagrams          
       [44][] 
 []


Overfull \hbox (32.9989pt too wide) in paragraph at lines 638--638
[]           \T1/lmtt/m/n/10 2       2         TCP-3                           
       [36][] 
 []


Overfull \hbox (32.9989pt too wide) in paragraph at lines 638--638
[]           \T1/lmtt/m/n/10 3       3         Gateway-to-Gateway              
       [49][] 
 []


Overfull \hbox (32.9989pt too wide) in paragraph at lines 638--638
[]           \T1/lmtt/m/n/10 4       4         Gateway Monitoring Message      
       [41][] 
 []


Overfull \hbox (32.9989pt too wide) in paragraph at lines 638--638
[]           \T1/lmtt/m/n/10 5       5         ST                              
       [45][] 
 []


Overfull \hbox (32.9989pt too wide) in paragraph at lines 638--638
[]           \T1/lmtt/m/n/10 6       6         TCP-4                           
       [46][] 
 []


Overfull \hbox (1.499pt too wide) in paragraph at lines 666--666
[]\T1/lmtt/m/n/10 Decimal   Keyword    Version                            Refer
ences[] 
 []


Overfull \hbox (1.499pt too wide) in paragraph at lines 666--666
[]\T1/lmtt/m/n/10 -------   -------    -------                            -----
-----[] 
 []


Overfull \hbox (1.499pt too wide) in paragraph at lines 666--666
[]    \T1/lmtt/m/n/10 0                Reserved                                
[JBP][] 
 []


Overfull \hbox (1.499pt too wide) in paragraph at lines 666--666
[]  \T1/lmtt/m/n/10 1-3                Unassigned                              
[JBP][] 
 []


Overfull \hbox (1.499pt too wide) in paragraph at lines 666--666
[]    \T1/lmtt/m/n/10 4       IP       Internet Protocol                [RFC791
,JBP][] 
 []


Overfull \hbox (1.499pt too wide) in paragraph at lines 666--666
[]    \T1/lmtt/m/n/10 5       ST       ST Datagram Mode                [RFC1190
,JWF][] 
 []


Overfull \hbox (1.499pt too wide) in paragraph at lines 666--666
[]    \T1/lmtt/m/n/10 6       SIP      Simple Internet Protocol                
[RH6][] 
 []


Overfull \hbox (1.499pt too wide) in paragraph at lines 666--666
[]    \T1/lmtt/m/n/10 7       TP/IX    TP/IX: The Next Internet                
[RXU][] 
 []


Overfull \hbox (1.499pt too wide) in paragraph at lines 666--666
[]    \T1/lmtt/m/n/10 8       PIP      The P Internet Protocol                 
[PXF][] 
 []


Overfull \hbox (1.499pt too wide) in paragraph at lines 666--666
[]    \T1/lmtt/m/n/10 9       TUBA     TUBA                                    
[RXC][] 
 []


Overfull \hbox (1.499pt too wide) in paragraph at lines 666--666
[]\T1/lmtt/m/n/10 10-14                Unassigned                              
[JBP][] 
 []


Overfull \hbox (1.499pt too wide) in paragraph at lines 666--666
[]   \T1/lmtt/m/n/10 15                Reserved                                
[JBP][] 
 []

[15] [16] [17]
Overfull \hbox (11.99896pt too wide) in paragraph at lines 785--785
[]   \T1/lmtt/m/n/10 +-+-+-+-+-+-+-+-+-+-+-+-+-+-+-+-+-+-+-+-+-+-+-+-+-+-+-+-+-
+-+-+-+[] 
 []


Overfull \hbox (11.99896pt too wide) in paragraph at lines 785--785
[]   \T1/lmtt/m/n/10 |Version| Traffic Class |           Flow Label            
      |[] 
 []


Overfull \hbox (11.99896pt too wide) in paragraph at lines 785--785
[]   \T1/lmtt/m/n/10 +-+-+-+-+-+-+-+-+-+-+-+-+-+-+-+-+-+-+-+-+-+-+-+-+-+-+-+-+-
+-+-+-+[] 
 []


Overfull \hbox (11.99896pt too wide) in paragraph at lines 785--785
[]   \T1/lmtt/m/n/10 |         Payload Length        |  Next Header  |   Hop Li
mit   |[] 
 []


Overfull \hbox (11.99896pt too wide) in paragraph at lines 785--785
[]   \T1/lmtt/m/n/10 +-+-+-+-+-+-+-+-+-+-+-+-+-+-+-+-+-+-+-+-+-+-+-+-+-+-+-+-+-
+-+-+-+[] 
 []


Overfull \hbox (11.99896pt too wide) in paragraph at lines 785--785
[]   \T1/lmtt/m/n/10 |                                                         
      |[] 
 []


Overfull \hbox (11.99896pt too wide) in paragraph at lines 785--785
[]   \T1/lmtt/m/n/10 +                                                         
      +[] 
 []


Overfull \hbox (11.99896pt too wide) in paragraph at lines 785--785
[]   \T1/lmtt/m/n/10 |                                                         
      |[] 
 []


Overfull \hbox (11.99896pt too wide) in paragraph at lines 785--785
[]   \T1/lmtt/m/n/10 +                         Source Address                  
      +[] 
 []


Overfull \hbox (11.99896pt too wide) in paragraph at lines 785--785
[]   \T1/lmtt/m/n/10 |                                                         
      |[] 
 []


Overfull \hbox (11.99896pt too wide) in paragraph at lines 785--785
[]   \T1/lmtt/m/n/10 +                                                         
      +[] 
 []


Overfull \hbox (11.99896pt too wide) in paragraph at lines 785--785
[]   \T1/lmtt/m/n/10 |                                                         
      |[] 
 []


Overfull \hbox (11.99896pt too wide) in paragraph at lines 785--785
[]   \T1/lmtt/m/n/10 +-+-+-+-+-+-+-+-+-+-+-+-+-+-+-+-+-+-+-+-+-+-+-+-+-+-+-+-+-
+-+-+-+[] 
 []


Overfull \hbox (11.99896pt too wide) in paragraph at lines 785--785
[]   \T1/lmtt/m/n/10 |                                                         
      |[] 
 []


Overfull \hbox (11.99896pt too wide) in paragraph at lines 785--785
[]   \T1/lmtt/m/n/10 +                                                         
      +[] 
 []


Overfull \hbox (11.99896pt too wide) in paragraph at lines 785--785
[]   \T1/lmtt/m/n/10 |                                                         
      |[] 
 []


Overfull \hbox (11.99896pt too wide) in paragraph at lines 785--785
[]   \T1/lmtt/m/n/10 +                      Destination Address                
      +[] 
 []


Overfull \hbox (11.99896pt too wide) in paragraph at lines 785--785
[]   \T1/lmtt/m/n/10 |                                                         
      |[] 
 []


Overfull \hbox (11.99896pt too wide) in paragraph at lines 785--785
[]   \T1/lmtt/m/n/10 +                                                         
      +[] 
 []


Overfull \hbox (11.99896pt too wide) in paragraph at lines 785--785
[]   \T1/lmtt/m/n/10 |                                                         
      |[] 
 []


Overfull \hbox (11.99896pt too wide) in paragraph at lines 785--785
[]   \T1/lmtt/m/n/10 +-+-+-+-+-+-+-+-+-+-+-+-+-+-+-+-+-+-+-+-+-+-+-+-+-+-+-+-+-
+-+-+-+[] 
 []

[18] [19] [20] [21] [22] [23] [24] [25] [26] [27] [28] [29] [30] [31] [32]
[33]
Underfull \hbox (badness 1648) in paragraph at lines 1708--1714
[]\T1/lmr/m/n/10 (+20) Similarly, re-verse lookup is en-abled by the \T1/lmtt/m
/n/10 IP6.ARPA \T1/lmr/m/n/10 (+20) do-main. This
 []


Underfull \hbox (badness 3333) in paragraph at lines 1708--1714
\T1/lmr/m/n/10 (+20) is done us-ing 4-byte nib-bles re-sp-re-sented as hex-adec
-i-mal char-ac-ters,
 []


Overfull \hbox (38.24889pt too wide) in paragraph at lines 1708--1714
\T1/lmtt/m/n/10 3.1.d.d.5.6.f.3.a.7.d.6.3.b.1.a.b.0.8.0.6.0.0.4.8.b.d.0.1.0.0.2
.IP6.ARPA.
 []


Underfull \hbox (badness 2970) in paragraph at lines 1719--1732
[]\T1/lmr/m/n/10 (+20) This change also af-fects API calls that in-volve the DN
S. The old
 []

[34] [35] [36] [37] [38] [39] [40] [41] [42]
Overfull \hbox (64.49881pt too wide) in paragraph at lines 2245--2245
[]\T1/lmtt/m/n/10 sudo ip addrlabel add prefix fd68:1e02:dc1a:9:ba27:ebff:fe84:
781c/128 label 97[] 
 []

[43] [44] [45] [46] [47]
Overfull \hbox (6.74898pt too wide) in paragraph at lines 2459--2459
[]\T1/lmtt/m/n/10 Ships that pass in the night, and speak [to] each other in pa
ssing,[] 
 []

[48] [49] [50] [51] [52] [53]
<vasilenko-IPv4aaS.png, id=724, 845.1575pt x 597.23125pt>
File: vasilenko-IPv4aaS.png Graphic file (type png)
<use vasilenko-IPv4aaS.png>
Package pdftex.def Info: vasilenko-IPv4aaS.png  used on input line 2868.
(pdftex.def)             Requested size: 345.00798pt x 243.80017pt.
 [54] [55 <./vasilenko-IPv4aaS.png>] [56] [57]
[58] [59] [60] [61] [62] [63] [64] [65] [66] [67] [68] [69]
Overfull \hbox (11.99896pt too wide) in paragraph at lines 3662--3662
[]\T1/lmtt/m/n/10 2001:0db8:A100::/40 - Corporate clients    |---> 1024 x /48 p
refixes[] 
 []


Overfull \hbox (116.99866pt too wide) in paragraph at lines 3662--3662
[]\T1/lmtt/m/n/10 2001:0db8:A400::/40 - Internal infrastructure ---> 256 x /48 
prefixes for infrastructure[] 
 []


Overfull \hbox (11.99896pt too wide) in paragraph at lines 3662--3662
[]\T1/lmtt/m/n/10 2001:0db8:A600::/40 - Reserved ---> 768 x /48 prefixes for ex
pansion[] 
 []


Overfull \hbox (17.24895pt too wide) in paragraph at lines 3662--3662
[]\T1/lmtt/m/n/10 2001:0db8:AD00::/40 - Domestic clients    | 2048 x 256 x /56 
prefixes[] 
 []

[70] [71] [72] [73] [74] [75] [76] [77] [78] [79] [80]
<multiPrefix.png, id=1019, 1054.29176pt x 765.21176pt>
File: multiPrefix.png Graphic file (type png)
<use multiPrefix.png>
Package pdftex.def Info: multiPrefix.png  used on input line 4050.
(pdftex.def)             Requested size: 344.98949pt x 250.3956pt.
 [81] [82 <./multiPrefix.png>] [83] [84] [85] [86] [87] [88] [89]
<CERN-IPv6-Feb24.png, id=1114, 962.09438pt x 406.01688pt>
File: CERN-IPv6-Feb24.png Graphic file (type png)
<use CERN-IPv6-Feb24.png>
Package pdftex.def Info: CERN-IPv6-Feb24.png  used on input line 4402.
(pdftex.def)             Requested size: 345.00311pt x 145.59598pt.
 [90 <./CERN-IPv6-Feb24.png>] [91]
<Section5_Table1.jpg, id=1142, 648.17157pt x 183.68625pt>
File: Section5_Table1.jpg Graphic file (type jpg)
<use Section5_Table1.jpg>
Package pdftex.def Info: Section5_Table1.jpg  used on input line 4468.
(pdftex.def)             Requested size: 345.00294pt x 97.77084pt.

[92 <./Section5_Table1.jpg>] [93]
<Section5_Table2.jpg, id=1156, 773.89125pt x 197.23688pt>
File: Section5_Table2.jpg Graphic file (type jpg)
<use Section5_Table2.jpg>
Package pdftex.def Info: Section5_Table2.jpg  used on input line 4498.
(pdftex.def)             Requested size: 345.00047pt x 87.92812pt.
 [94 <./Section5_Table2.jpg>] [95] [96]
[97] [98] [99] [100] [101]
<rfc-diagram.png, id=1233, 578.66188pt x 384.93813pt>
File: rfc-diagram.png Graphic file (type png)
<use rfc-diagram.png>
Package pdftex.def Info: rfc-diagram.png  used on input line 4779.
(pdftex.def)             Requested size: 345.00122pt x 229.5021pt.
 [102]
<id-diagram.png, id=1243, 736.7525pt x 387.4475pt>
File: id-diagram.png Graphic file (type png)
<use id-diagram.png>
Package pdftex.def Info: id-diagram.png  used on input line 4815.
(pdftex.def)             Requested size: 344.99214pt x 181.42638pt.
 [103 <./rfc-diagram.png>] [104 <./id-diagram.png>] [105] [106] [107] [108] [10
9]
Underfull \hbox (badness 1648) in paragraph at lines 5473--5476
[][][]\T1/lmr/m/n/10 (+20) RFC8163[][]: Trans-mis-sion of IPv6 over Master-Slav
e/Token-Passing
 []

[110] [111] [112] [113] [114] [115] [116] [117] [118] [119] [120] [121]
[122] [123]
Overfull \hbox (17.24895pt too wide) in paragraph at lines 6539--6539
[]  \T1/lmtt/m/n/10 {{BCP198}}                to refer to an IETF Best Current 
Practice[] 
 []


Overfull \hbox (32.9989pt too wide) in paragraph at lines 6539--6539
[]  \T1/lmtt/m/n/10 {{Last Section}}          to refer to a section in the pres
ent chapter[] 
 []


Overfull \hbox (179.99847pt too wide) in paragraph at lines 6539--6539
[]  \T1/lmtt/m/n/10 {{2. Addresses}}          to refer to a section in another 
chapter  (the single space is required)[] 
 []


Overfull \hbox (11.99896pt too wide) in paragraph at lines 6568--6568
[]   \T1/lmtt/m/n/10 +-+-+-+-+-+-+-+-+-+-+-+-+-+-+-+-+-+-+-+-+-+-+-+-+-+-+-+-+-
+-+-+-+[] 
 []


Overfull \hbox (11.99896pt too wide) in paragraph at lines 6568--6568
[]   \T1/lmtt/m/n/10 |Version| Traffic Class |           Flow Label            
      |[] 
 []


Overfull \hbox (11.99896pt too wide) in paragraph at lines 6568--6568
[]   \T1/lmtt/m/n/10 +-+-+-+-+-+-+-+-+-+-+-+-+-+-+-+-+-+-+-+-+-+-+-+-+-+-+-+-+-
+-+-+-+[] 
 []


Overfull \hbox (11.99896pt too wide) in paragraph at lines 6568--6568
[]   \T1/lmtt/m/n/10 |         Payload Length        |  Next Header  |   Hop Li
mit   |[] 
 []


Overfull \hbox (11.99896pt too wide) in paragraph at lines 6568--6568
[]   \T1/lmtt/m/n/10 +-+-+-+-+-+-+-+-+-+-+-+-+-+-+-+-+-+-+-+-+-+-+-+-+-+-+-+-+-
+-+-+-+[] 
 []


Overfull \hbox (11.99896pt too wide) in paragraph at lines 6568--6568
[]   \T1/lmtt/m/n/10 |                              etc.                       
      |[] 
 []

LaTeX Font Info:    Trying to load font information for TS1+lmtt on input line 
6582.
(C:\Users\brian\AppData\Local\Programs\MiKTeX\tex/latex/lm\ts1lmtt.fd
File: ts1lmtt.fd 2015/05/01 v1.6.1 Font defs for Latin Modern
) [124]
<example1.png, id=1855, 736.7525pt x 387.4475pt>
File: example1.png Graphic file (type png)
<use example1.png>
Package pdftex.def Info: example1.png  used on input line 6593.
(pdftex.def)             Requested size: 344.99214pt x 181.42638pt.
<diag.png, id=1856, 488.8853pt x 155.87646pt>
File: diag.png Graphic file (type png)
<use diag.png>
Package pdftex.def Info: diag.png  used on input line 6601.
(pdftex.def)             Requested size: 344.99988pt x 109.99994pt.

[125 <./example1.png> <./diag.png>] [126] [127]
File: book6logo.png Graphic file (type png)
<use book6logo.png>
Package pdftex.def Info: book6logo.png  used on input line 6632.
(pdftex.def)             Requested size: 304.25595pt x 207.17348pt.
 [128] [129] [130]
File: book6logo.png Graphic file (type png)
<use book6logo.png>
Package pdftex.def Info: book6logo.png  used on input line 6993.
(pdftex.def)             Requested size: 304.25595pt x 207.17348pt.
 [131]
[132] [133] [134] [135] [136] [137] (baked.aux)
 ***********
LaTeX2e <2023-11-01>
L3 programming layer <2024-01-04>
 ***********
 ) 
Here is how much of TeX's memory you used:
 14270 strings out of 474485
 223763 string characters out of 5743734
 1949528 words of memory out of 5000000
 35786 multiletter control sequences out of 15000+600000
 605235 words of font info for 180 fonts, out of 8000000 for 9000
 1141 hyphenation exceptions out of 8191
 77i,6n,81p,1004b,654s stack positions out of 10000i,1000n,20000p,200000b,200000s
<C:/Users/brian/AppData/Local/Programs/MiKTeX/fonts/type1/public/lm/lmbx10.pf
b><C:/Users/brian/AppData/Local/Programs/MiKTeX/fonts/type1/public/lm/lmbx12.pf
b><C:/Users/brian/AppData/Local/Programs/MiKTeX/fonts/type1/public/lm/lmr10.pfb
><C:/Users/brian/AppData/Local/Programs/MiKTeX/fonts/type1/public/lm/lmri10.pfb
><C:/Users/brian/AppData/Local/Programs/MiKTeX/fonts/type1/public/lm/lmtt10.pfb
>
Output written on baked.pdf (137 pages, 3360919 bytes).
PDF statistics:
 3158 PDF objects out of 3580 (max. 8388607)
 336 named destinations out of 1000 (max. 500000)
 25931 words of extra memory for PDF output out of 29859 (max. 10000000)

